<?xml version="1.0" encoding="UTF-8"?>
<testsuite xmlns:xsi="http://www.w3.org/2001/XMLSchema-instance" xsi:noNamespaceSchemaLocation="https://maven.apache.org/surefire/maven-surefire-plugin/xsd/surefire-test-report-3.0.xsd" version="3.0" name="com.epam.training.ticketservice.service.impl.RoomServiceImplTest" time="0.011" tests="7" errors="0" skipped="0" failures="0">
  <properties>
    <property name="java.specification.version" value="19"/>
    <property name="sun.jnu.encoding" value="UTF-8"/>
    <property name="java.class.path" value="/Users/mocsarihenrik/Downloads/epam-deik-java-dev-23-24-wednesday-group/final/ticket-service/target/test-classes:/Users/mocsarihenrik/Downloads/epam-deik-java-dev-23-24-wednesday-group/final/ticket-service/target/classes:/Users/mocsarihenrik/.m2/repository/org/springframework/boot/spring-boot-starter-data-jpa/2.4.3/spring-boot-starter-data-jpa-2.4.3.jar:/Users/mocsarihenrik/.m2/repository/org/springframework/boot/spring-boot-starter-aop/2.4.3/spring-boot-starter-aop-2.4.3.jar:/Users/mocsarihenrik/.m2/repository/org/springframework/boot/spring-boot-starter/2.4.3/spring-boot-starter-2.4.3.jar:/Users/mocsarihenrik/.m2/repository/org/springframework/boot/spring-boot/2.4.3/spring-boot-2.4.3.jar:/Users/mocsarihenrik/.m2/repository/org/springframework/boot/spring-boot-autoconfigure/2.4.3/spring-boot-autoconfigure-2.4.3.jar:/Users/mocsarihenrik/.m2/repository/org/springframework/boot/spring-boot-starter-logging/2.4.3/spring-boot-starter-logging-2.4.3.jar:/Users/mocsarihenrik/.m2/repository/ch/qos/logback/logback-classic/1.2.3/logback-classic-1.2.3.jar:/Users/mocsarihenrik/.m2/repository/ch/qos/logback/logback-core/1.2.3/logback-core-1.2.3.jar:/Users/mocsarihenrik/.m2/repository/org/apache/logging/log4j/log4j-to-slf4j/2.13.3/log4j-to-slf4j-2.13.3.jar:/Users/mocsarihenrik/.m2/repository/org/apache/logging/log4j/log4j-api/2.13.3/log4j-api-2.13.3.jar:/Users/mocsarihenrik/.m2/repository/org/slf4j/jul-to-slf4j/1.7.30/jul-to-slf4j-1.7.30.jar:/Users/mocsarihenrik/.m2/repository/jakarta/annotation/jakarta.annotation-api/1.3.5/jakarta.annotation-api-1.3.5.jar:/Users/mocsarihenrik/.m2/repository/org/yaml/snakeyaml/1.27/snakeyaml-1.27.jar:/Users/mocsarihenrik/.m2/repository/org/aspectj/aspectjweaver/1.9.6/aspectjweaver-1.9.6.jar:/Users/mocsarihenrik/.m2/repository/org/springframework/boot/spring-boot-starter-jdbc/2.4.3/spring-boot-starter-jdbc-2.4.3.jar:/Users/mocsarihenrik/.m2/repository/com/zaxxer/HikariCP/3.4.5/HikariCP-3.4.5.jar:/Users/mocsarihenrik/.m2/repository/org/springframework/spring-jdbc/5.3.4/spring-jdbc-5.3.4.jar:/Users/mocsarihenrik/.m2/repository/jakarta/transaction/jakarta.transaction-api/1.3.3/jakarta.transaction-api-1.3.3.jar:/Users/mocsarihenrik/.m2/repository/jakarta/persistence/jakarta.persistence-api/2.2.3/jakarta.persistence-api-2.2.3.jar:/Users/mocsarihenrik/.m2/repository/org/hibernate/hibernate-core/5.4.28.Final/hibernate-core-5.4.28.Final.jar:/Users/mocsarihenrik/.m2/repository/org/jboss/logging/jboss-logging/3.4.1.Final/jboss-logging-3.4.1.Final.jar:/Users/mocsarihenrik/.m2/repository/org/javassist/javassist/3.27.0-GA/javassist-3.27.0-GA.jar:/Users/mocsarihenrik/.m2/repository/net/bytebuddy/byte-buddy/1.10.20/byte-buddy-1.10.20.jar:/Users/mocsarihenrik/.m2/repository/antlr/antlr/2.7.7/antlr-2.7.7.jar:/Users/mocsarihenrik/.m2/repository/org/jboss/jandex/2.2.3.Final/jandex-2.2.3.Final.jar:/Users/mocsarihenrik/.m2/repository/com/fasterxml/classmate/1.5.1/classmate-1.5.1.jar:/Users/mocsarihenrik/.m2/repository/org/dom4j/dom4j/2.1.3/dom4j-2.1.3.jar:/Users/mocsarihenrik/.m2/repository/org/hibernate/common/hibernate-commons-annotations/5.1.2.Final/hibernate-commons-annotations-5.1.2.Final.jar:/Users/mocsarihenrik/.m2/repository/org/glassfish/jaxb/jaxb-runtime/2.3.3/jaxb-runtime-2.3.3.jar:/Users/mocsarihenrik/.m2/repository/jakarta/xml/bind/jakarta.xml.bind-api/2.3.3/jakarta.xml.bind-api-2.3.3.jar:/Users/mocsarihenrik/.m2/repository/org/glassfish/jaxb/txw2/2.3.3/txw2-2.3.3.jar:/Users/mocsarihenrik/.m2/repository/com/sun/istack/istack-commons-runtime/3.0.11/istack-commons-runtime-3.0.11.jar:/Users/mocsarihenrik/.m2/repository/com/sun/activation/jakarta.activation/1.2.2/jakarta.activation-1.2.2.jar:/Users/mocsarihenrik/.m2/repository/org/springframework/data/spring-data-jpa/2.4.5/spring-data-jpa-2.4.5.jar:/Users/mocsarihenrik/.m2/repository/org/springframework/data/spring-data-commons/2.4.5/spring-data-commons-2.4.5.jar:/Users/mocsarihenrik/.m2/repository/org/springframework/spring-orm/5.3.4/spring-orm-5.3.4.jar:/Users/mocsarihenrik/.m2/repository/org/springframework/spring-tx/5.3.4/spring-tx-5.3.4.jar:/Users/mocsarihenrik/.m2/repository/org/springframework/spring-aspects/5.3.4/spring-aspects-5.3.4.jar:/Users/mocsarihenrik/.m2/repository/org/slf4j/slf4j-api/1.7.33/slf4j-api-1.7.33.jar:/Users/mocsarihenrik/.m2/repository/com/h2database/h2/1.4.200/h2-1.4.200.jar:/Users/mocsarihenrik/.m2/repository/mysql/mysql-connector-java/8.0.23/mysql-connector-java-8.0.23.jar:/Users/mocsarihenrik/.m2/repository/org/springframework/spring-context/5.3.4/spring-context-5.3.4.jar:/Users/mocsarihenrik/.m2/repository/org/springframework/spring-aop/5.3.4/spring-aop-5.3.4.jar:/Users/mocsarihenrik/.m2/repository/org/springframework/spring-beans/5.3.4/spring-beans-5.3.4.jar:/Users/mocsarihenrik/.m2/repository/org/springframework/spring-core/5.3.4/spring-core-5.3.4.jar:/Users/mocsarihenrik/.m2/repository/org/springframework/spring-jcl/5.3.4/spring-jcl-5.3.4.jar:/Users/mocsarihenrik/.m2/repository/org/springframework/spring-expression/5.3.4/spring-expression-5.3.4.jar:/Users/mocsarihenrik/.m2/repository/org/springframework/shell/spring-shell-starter/2.0.1.RELEASE/spring-shell-starter-2.0.1.RELEASE.jar:/Users/mocsarihenrik/.m2/repository/org/springframework/shell/spring-shell-core/2.0.1.RELEASE/spring-shell-core-2.0.1.RELEASE.jar:/Users/mocsarihenrik/.m2/repository/org/springframework/boot/spring-boot-starter-validation/2.4.3/spring-boot-starter-validation-2.4.3.jar:/Users/mocsarihenrik/.m2/repository/org/glassfish/jakarta.el/3.0.3/jakarta.el-3.0.3.jar:/Users/mocsarihenrik/.m2/repository/org/hibernate/validator/hibernate-validator/6.1.7.Final/hibernate-validator-6.1.7.Final.jar:/Users/mocsarihenrik/.m2/repository/jakarta/validation/jakarta.validation-api/2.0.2/jakarta.validation-api-2.0.2.jar:/Users/mocsarihenrik/.m2/repository/org/jline/jline/3.4.0/jline-3.4.0.jar:/Users/mocsarihenrik/.m2/repository/org/jline/jline-terminal-jna/3.4.0/jline-terminal-jna-3.4.0.jar:/Users/mocsarihenrik/.m2/repository/net/java/dev/jna/jna/4.2.2/jna-4.2.2.jar:/Users/mocsarihenrik/.m2/repository/org/jline/jline-terminal/3.4.0/jline-terminal-3.4.0.jar:/Users/mocsarihenrik/.m2/repository/org/springframework/shell/spring-shell-standard/2.0.1.RELEASE/spring-shell-standard-2.0.1.RELEASE.jar:/Users/mocsarihenrik/.m2/repository/org/springframework/shell/spring-shell-standard-commands/2.0.1.RELEASE/spring-shell-standard-commands-2.0.1.RELEASE.jar:/Users/mocsarihenrik/.m2/repository/org/springframework/shell/spring-shell-shell1-adapter/2.0.1.RELEASE/spring-shell-shell1-adapter-2.0.1.RELEASE.jar:/Users/mocsarihenrik/.m2/repository/org/springframework/shell/spring-shell-jcommander-adapter/2.0.1.RELEASE/spring-shell-jcommander-adapter-2.0.1.RELEASE.jar:/Users/mocsarihenrik/.m2/repository/org/springframework/shell/spring-shell-table/2.0.1.RELEASE/spring-shell-table-2.0.1.RELEASE.jar:/Users/mocsarihenrik/.m2/repository/org/junit/jupiter/junit-jupiter-api/5.7.1/junit-jupiter-api-5.7.1.jar:/Users/mocsarihenrik/.m2/repository/org/apiguardian/apiguardian-api/1.1.0/apiguardian-api-1.1.0.jar:/Users/mocsarihenrik/.m2/repository/org/opentest4j/opentest4j/1.2.0/opentest4j-1.2.0.jar:/Users/mocsarihenrik/.m2/repository/org/junit/platform/junit-platform-commons/1.7.1/junit-platform-commons-1.7.1.jar:/Users/mocsarihenrik/.m2/repository/org/junit/jupiter/junit-jupiter-engine/5.7.1/junit-jupiter-engine-5.7.1.jar:/Users/mocsarihenrik/.m2/repository/org/junit/platform/junit-platform-engine/1.7.1/junit-platform-engine-1.7.1.jar:/Users/mocsarihenrik/.m2/repository/org/junit/jupiter/junit-jupiter-params/5.7.1/junit-jupiter-params-5.7.1.jar:/Users/mocsarihenrik/.m2/repository/org/hamcrest/hamcrest-core/2.2/hamcrest-core-2.2.jar:/Users/mocsarihenrik/.m2/repository/org/hamcrest/hamcrest/2.2/hamcrest-2.2.jar:/Users/mocsarihenrik/.m2/repository/org/mockito/mockito-junit-jupiter/3.6.28/mockito-junit-jupiter-3.6.28.jar:/Users/mocsarihenrik/.m2/repository/org/mockito/mockito-core/3.6.28/mockito-core-3.6.28.jar:/Users/mocsarihenrik/.m2/repository/net/bytebuddy/byte-buddy-agent/1.10.20/byte-buddy-agent-1.10.20.jar:/Users/mocsarihenrik/.m2/repository/org/objenesis/objenesis/3.1/objenesis-3.1.jar:/Users/mocsarihenrik/.m2/repository/javax/annotation/javax.annotation-api/1.3.2/javax.annotation-api-1.3.2.jar:/Users/mocsarihenrik/.m2/repository/org/projectlombok/lombok/1.18.22/lombok-1.18.22.jar:/Users/mocsarihenrik/.m2/repository/org/springframework/security/spring-security-config/5.5.1/spring-security-config-5.5.1.jar:/Users/mocsarihenrik/.m2/repository/org/springframework/security/spring-security-core/5.4.5/spring-security-core-5.4.5.jar:/Users/mocsarihenrik/.m2/repository/org/apache/commons/commons-lang3/3.12.0/commons-lang3-3.12.0.jar:/Users/mocsarihenrik/.m2/repository/org/bouncycastle/bcprov-jdk15on/1.69/bcprov-jdk15on-1.69.jar:"/>
    <property name="java.vm.vendor" value="Oracle Corporation"/>
    <property name="sun.arch.data.model" value="64"/>
    <property name="java.vendor.url" value="https://java.oracle.com/"/>
    <property name="user.timezone" value="Europe/Budapest"/>
    <property name="os.name" value="Mac OS X"/>
    <property name="java.vm.specification.version" value="19"/>
    <property name="sun.java.launcher" value="SUN_STANDARD"/>
    <property name="user.country" value="HU"/>
    <property name="sun.boot.library.path" value="/Users/mocsarihenrik/Library/Java/JavaVirtualMachines/openjdk-19.0.2/Contents/Home/lib"/>
    <property name="sun.java.command" value="/Users/mocsarihenrik/Downloads/epam-deik-java-dev-23-24-wednesday-group/final/ticket-service/target/surefire/surefirebooter13636223602299109122.jar /Users/mocsarihenrik/Downloads/epam-deik-java-dev-23-24-wednesday-group/final/ticket-service/target/surefire 2023-11-26T09-08-48_442-jvmRun1 surefire6397604037246291778tmp surefire_012358791454584288562tmp"/>
    <property name="http.nonProxyHosts" value="local|*.local|169.254/16|*.169.254/16"/>
    <property name="jdk.debug" value="release"/>
    <property name="surefire.test.class.path" value="/Users/mocsarihenrik/Downloads/epam-deik-java-dev-23-24-wednesday-group/final/ticket-service/target/test-classes:/Users/mocsarihenrik/Downloads/epam-deik-java-dev-23-24-wednesday-group/final/ticket-service/target/classes:/Users/mocsarihenrik/.m2/repository/org/springframework/boot/spring-boot-starter-data-jpa/2.4.3/spring-boot-starter-data-jpa-2.4.3.jar:/Users/mocsarihenrik/.m2/repository/org/springframework/boot/spring-boot-starter-aop/2.4.3/spring-boot-starter-aop-2.4.3.jar:/Users/mocsarihenrik/.m2/repository/org/springframework/boot/spring-boot-starter/2.4.3/spring-boot-starter-2.4.3.jar:/Users/mocsarihenrik/.m2/repository/org/springframework/boot/spring-boot/2.4.3/spring-boot-2.4.3.jar:/Users/mocsarihenrik/.m2/repository/org/springframework/boot/spring-boot-autoconfigure/2.4.3/spring-boot-autoconfigure-2.4.3.jar:/Users/mocsarihenrik/.m2/repository/org/springframework/boot/spring-boot-starter-logging/2.4.3/spring-boot-starter-logging-2.4.3.jar:/Users/mocsarihenrik/.m2/repository/ch/qos/logback/logback-classic/1.2.3/logback-classic-1.2.3.jar:/Users/mocsarihenrik/.m2/repository/ch/qos/logback/logback-core/1.2.3/logback-core-1.2.3.jar:/Users/mocsarihenrik/.m2/repository/org/apache/logging/log4j/log4j-to-slf4j/2.13.3/log4j-to-slf4j-2.13.3.jar:/Users/mocsarihenrik/.m2/repository/org/apache/logging/log4j/log4j-api/2.13.3/log4j-api-2.13.3.jar:/Users/mocsarihenrik/.m2/repository/org/slf4j/jul-to-slf4j/1.7.30/jul-to-slf4j-1.7.30.jar:/Users/mocsarihenrik/.m2/repository/jakarta/annotation/jakarta.annotation-api/1.3.5/jakarta.annotation-api-1.3.5.jar:/Users/mocsarihenrik/.m2/repository/org/yaml/snakeyaml/1.27/snakeyaml-1.27.jar:/Users/mocsarihenrik/.m2/repository/org/aspectj/aspectjweaver/1.9.6/aspectjweaver-1.9.6.jar:/Users/mocsarihenrik/.m2/repository/org/springframework/boot/spring-boot-starter-jdbc/2.4.3/spring-boot-starter-jdbc-2.4.3.jar:/Users/mocsarihenrik/.m2/repository/com/zaxxer/HikariCP/3.4.5/HikariCP-3.4.5.jar:/Users/mocsarihenrik/.m2/repository/org/springframework/spring-jdbc/5.3.4/spring-jdbc-5.3.4.jar:/Users/mocsarihenrik/.m2/repository/jakarta/transaction/jakarta.transaction-api/1.3.3/jakarta.transaction-api-1.3.3.jar:/Users/mocsarihenrik/.m2/repository/jakarta/persistence/jakarta.persistence-api/2.2.3/jakarta.persistence-api-2.2.3.jar:/Users/mocsarihenrik/.m2/repository/org/hibernate/hibernate-core/5.4.28.Final/hibernate-core-5.4.28.Final.jar:/Users/mocsarihenrik/.m2/repository/org/jboss/logging/jboss-logging/3.4.1.Final/jboss-logging-3.4.1.Final.jar:/Users/mocsarihenrik/.m2/repository/org/javassist/javassist/3.27.0-GA/javassist-3.27.0-GA.jar:/Users/mocsarihenrik/.m2/repository/net/bytebuddy/byte-buddy/1.10.20/byte-buddy-1.10.20.jar:/Users/mocsarihenrik/.m2/repository/antlr/antlr/2.7.7/antlr-2.7.7.jar:/Users/mocsarihenrik/.m2/repository/org/jboss/jandex/2.2.3.Final/jandex-2.2.3.Final.jar:/Users/mocsarihenrik/.m2/repository/com/fasterxml/classmate/1.5.1/classmate-1.5.1.jar:/Users/mocsarihenrik/.m2/repository/org/dom4j/dom4j/2.1.3/dom4j-2.1.3.jar:/Users/mocsarihenrik/.m2/repository/org/hibernate/common/hibernate-commons-annotations/5.1.2.Final/hibernate-commons-annotations-5.1.2.Final.jar:/Users/mocsarihenrik/.m2/repository/org/glassfish/jaxb/jaxb-runtime/2.3.3/jaxb-runtime-2.3.3.jar:/Users/mocsarihenrik/.m2/repository/jakarta/xml/bind/jakarta.xml.bind-api/2.3.3/jakarta.xml.bind-api-2.3.3.jar:/Users/mocsarihenrik/.m2/repository/org/glassfish/jaxb/txw2/2.3.3/txw2-2.3.3.jar:/Users/mocsarihenrik/.m2/repository/com/sun/istack/istack-commons-runtime/3.0.11/istack-commons-runtime-3.0.11.jar:/Users/mocsarihenrik/.m2/repository/com/sun/activation/jakarta.activation/1.2.2/jakarta.activation-1.2.2.jar:/Users/mocsarihenrik/.m2/repository/org/springframework/data/spring-data-jpa/2.4.5/spring-data-jpa-2.4.5.jar:/Users/mocsarihenrik/.m2/repository/org/springframework/data/spring-data-commons/2.4.5/spring-data-commons-2.4.5.jar:/Users/mocsarihenrik/.m2/repository/org/springframework/spring-orm/5.3.4/spring-orm-5.3.4.jar:/Users/mocsarihenrik/.m2/repository/org/springframework/spring-tx/5.3.4/spring-tx-5.3.4.jar:/Users/mocsarihenrik/.m2/repository/org/springframework/spring-aspects/5.3.4/spring-aspects-5.3.4.jar:/Users/mocsarihenrik/.m2/repository/org/slf4j/slf4j-api/1.7.33/slf4j-api-1.7.33.jar:/Users/mocsarihenrik/.m2/repository/com/h2database/h2/1.4.200/h2-1.4.200.jar:/Users/mocsarihenrik/.m2/repository/mysql/mysql-connector-java/8.0.23/mysql-connector-java-8.0.23.jar:/Users/mocsarihenrik/.m2/repository/org/springframework/spring-context/5.3.4/spring-context-5.3.4.jar:/Users/mocsarihenrik/.m2/repository/org/springframework/spring-aop/5.3.4/spring-aop-5.3.4.jar:/Users/mocsarihenrik/.m2/repository/org/springframework/spring-beans/5.3.4/spring-beans-5.3.4.jar:/Users/mocsarihenrik/.m2/repository/org/springframework/spring-core/5.3.4/spring-core-5.3.4.jar:/Users/mocsarihenrik/.m2/repository/org/springframework/spring-jcl/5.3.4/spring-jcl-5.3.4.jar:/Users/mocsarihenrik/.m2/repository/org/springframework/spring-expression/5.3.4/spring-expression-5.3.4.jar:/Users/mocsarihenrik/.m2/repository/org/springframework/shell/spring-shell-starter/2.0.1.RELEASE/spring-shell-starter-2.0.1.RELEASE.jar:/Users/mocsarihenrik/.m2/repository/org/springframework/shell/spring-shell-core/2.0.1.RELEASE/spring-shell-core-2.0.1.RELEASE.jar:/Users/mocsarihenrik/.m2/repository/org/springframework/boot/spring-boot-starter-validation/2.4.3/spring-boot-starter-validation-2.4.3.jar:/Users/mocsarihenrik/.m2/repository/org/glassfish/jakarta.el/3.0.3/jakarta.el-3.0.3.jar:/Users/mocsarihenrik/.m2/repository/org/hibernate/validator/hibernate-validator/6.1.7.Final/hibernate-validator-6.1.7.Final.jar:/Users/mocsarihenrik/.m2/repository/jakarta/validation/jakarta.validation-api/2.0.2/jakarta.validation-api-2.0.2.jar:/Users/mocsarihenrik/.m2/repository/org/jline/jline/3.4.0/jline-3.4.0.jar:/Users/mocsarihenrik/.m2/repository/org/jline/jline-terminal-jna/3.4.0/jline-terminal-jna-3.4.0.jar:/Users/mocsarihenrik/.m2/repository/net/java/dev/jna/jna/4.2.2/jna-4.2.2.jar:/Users/mocsarihenrik/.m2/repository/org/jline/jline-terminal/3.4.0/jline-terminal-3.4.0.jar:/Users/mocsarihenrik/.m2/repository/org/springframework/shell/spring-shell-standard/2.0.1.RELEASE/spring-shell-standard-2.0.1.RELEASE.jar:/Users/mocsarihenrik/.m2/repository/org/springframework/shell/spring-shell-standard-commands/2.0.1.RELEASE/spring-shell-standard-commands-2.0.1.RELEASE.jar:/Users/mocsarihenrik/.m2/repository/org/springframework/shell/spring-shell-shell1-adapter/2.0.1.RELEASE/spring-shell-shell1-adapter-2.0.1.RELEASE.jar:/Users/mocsarihenrik/.m2/repository/org/springframework/shell/spring-shell-jcommander-adapter/2.0.1.RELEASE/spring-shell-jcommander-adapter-2.0.1.RELEASE.jar:/Users/mocsarihenrik/.m2/repository/org/springframework/shell/spring-shell-table/2.0.1.RELEASE/spring-shell-table-2.0.1.RELEASE.jar:/Users/mocsarihenrik/.m2/repository/org/junit/jupiter/junit-jupiter-api/5.7.1/junit-jupiter-api-5.7.1.jar:/Users/mocsarihenrik/.m2/repository/org/apiguardian/apiguardian-api/1.1.0/apiguardian-api-1.1.0.jar:/Users/mocsarihenrik/.m2/repository/org/opentest4j/opentest4j/1.2.0/opentest4j-1.2.0.jar:/Users/mocsarihenrik/.m2/repository/org/junit/platform/junit-platform-commons/1.7.1/junit-platform-commons-1.7.1.jar:/Users/mocsarihenrik/.m2/repository/org/junit/jupiter/junit-jupiter-engine/5.7.1/junit-jupiter-engine-5.7.1.jar:/Users/mocsarihenrik/.m2/repository/org/junit/platform/junit-platform-engine/1.7.1/junit-platform-engine-1.7.1.jar:/Users/mocsarihenrik/.m2/repository/org/junit/jupiter/junit-jupiter-params/5.7.1/junit-jupiter-params-5.7.1.jar:/Users/mocsarihenrik/.m2/repository/org/hamcrest/hamcrest-core/2.2/hamcrest-core-2.2.jar:/Users/mocsarihenrik/.m2/repository/org/hamcrest/hamcrest/2.2/hamcrest-2.2.jar:/Users/mocsarihenrik/.m2/repository/org/mockito/mockito-junit-jupiter/3.6.28/mockito-junit-jupiter-3.6.28.jar:/Users/mocsarihenrik/.m2/repository/org/mockito/mockito-core/3.6.28/mockito-core-3.6.28.jar:/Users/mocsarihenrik/.m2/repository/net/bytebuddy/byte-buddy-agent/1.10.20/byte-buddy-agent-1.10.20.jar:/Users/mocsarihenrik/.m2/repository/org/objenesis/objenesis/3.1/objenesis-3.1.jar:/Users/mocsarihenrik/.m2/repository/javax/annotation/javax.annotation-api/1.3.2/javax.annotation-api-1.3.2.jar:/Users/mocsarihenrik/.m2/repository/org/projectlombok/lombok/1.18.22/lombok-1.18.22.jar:/Users/mocsarihenrik/.m2/repository/org/springframework/security/spring-security-config/5.5.1/spring-security-config-5.5.1.jar:/Users/mocsarihenrik/.m2/repository/org/springframework/security/spring-security-core/5.4.5/spring-security-core-5.4.5.jar:/Users/mocsarihenrik/.m2/repository/org/apache/commons/commons-lang3/3.12.0/commons-lang3-3.12.0.jar:/Users/mocsarihenrik/.m2/repository/org/bouncycastle/bcprov-jdk15on/1.69/bcprov-jdk15on-1.69.jar:"/>
    <property name="sun.cpu.endian" value="little"/>
    <property name="user.home" value="/Users/mocsarihenrik"/>
    <property name="user.language" value="en"/>
    <property name="java.specification.vendor" value="Oracle Corporation"/>
    <property name="java.version.date" value="2023-01-17"/>
    <property name="java.home" value="/Users/mocsarihenrik/Library/Java/JavaVirtualMachines/openjdk-19.0.2/Contents/Home"/>
    <property name="file.separator" value="/"/>
    <property name="basedir" value="/Users/mocsarihenrik/Downloads/epam-deik-java-dev-23-24-wednesday-group/final/ticket-service"/>
    <property name="java.vm.compressedOopsMode" value="Zero based"/>
    <property name="line.separator" value="&#10;"/>
    <property name="java.vm.specification.vendor" value="Oracle Corporation"/>
    <property name="java.specification.name" value="Java Platform API Specification"/>
    <property name="apple.awt.application.name" value="ForkedBooter"/>
    <property name="surefire.real.class.path" value="/Users/mocsarihenrik/Downloads/epam-deik-java-dev-23-24-wednesday-group/final/ticket-service/target/surefire/surefirebooter13636223602299109122.jar"/>
    <property name="sun.management.compiler" value="HotSpot 64-Bit Tiered Compilers"/>
    <property name="ftp.nonProxyHosts" value="local|*.local|169.254/16|*.169.254/16"/>
    <property name="java.runtime.version" value="19.0.2+7-44"/>
    <property name="user.name" value="mocsarihenrik"/>
    <property name="stdout.encoding" value="UTF-8"/>
    <property name="path.separator" value=":"/>
    <property name="os.version" value="14.1.1"/>
    <property name="java.runtime.name" value="OpenJDK Runtime Environment"/>
    <property name="file.encoding" value="UTF-8"/>
    <property name="java.vm.name" value="OpenJDK 64-Bit Server VM"/>
    <property name="localRepository" value="/Users/mocsarihenrik/.m2/repository"/>
    <property name="java.vendor.url.bug" value="https://bugreport.java.com/bugreport/"/>
    <property name="java.io.tmpdir" value="/var/folders/y1/558hz6ns2p90c3pf6w_kshvr0000gn/T/"/>
    <property name="idea.version" value="2022.3.2"/>
    <property name="java.version" value="19.0.2"/>
    <property name="user.dir" value="/Users/mocsarihenrik/Downloads/epam-deik-java-dev-23-24-wednesday-group/final/ticket-service"/>
    <property name="os.arch" value="aarch64"/>
    <property name="java.vm.specification.name" value="Java Virtual Machine Specification"/>
    <property name="native.encoding" value="UTF-8"/>
    <property name="java.library.path" value="/Users/mocsarihenrik/Library/Java/Extensions:/Library/Java/Extensions:/Network/Library/Java/Extensions:/System/Library/Java/Extensions:/usr/lib/java:."/>
    <property name="java.vm.info" value="mixed mode, sharing"/>
    <property name="stderr.encoding" value="UTF-8"/>
    <property name="java.vendor" value="Oracle Corporation"/>
    <property name="java.vm.version" value="19.0.2+7-44"/>
    <property name="sun.io.unicode.encoding" value="UnicodeBig"/>
    <property name="socksNonProxyHosts" value="local|*.local|169.254/16|*.169.254/16"/>
    <property name="java.class.version" value="63.0"/>
  </properties>
  <testcase name="testCreateRoomShouldThrowExceptionWhenRoomExists" classname="com.epam.training.ticketservice.service.impl.RoomServiceImplTest" time="0.002"/>
  <testcase name="testUpdateRoomShouldThrowExceptionWhenRoomNotFound" classname="com.epam.training.ticketservice.service.impl.RoomServiceImplTest" time="0.002"/>
  <testcase name="testUpdateRoom" classname="com.epam.training.ticketservice.service.impl.RoomServiceImplTest" time="0.001"/>
  <testcase name="testListRooms" classname="com.epam.training.ticketservice.service.impl.RoomServiceImplTest" time="0"/>
  <testcase name="testCreateRoomShouldReturnRoomDtoWhenRoomDoesNotExist" classname="com.epam.training.ticketservice.service.impl.RoomServiceImplTest" time="0.001"/>
  <testcase name="testDeleteRoom" classname="com.epam.training.ticketservice.service.impl.RoomServiceImplTest" time="0"/>
  <testcase name="testDeleteRoomShouldThrowExceptionWhenRoomNotFound" classname="com.epam.training.ticketservice.service.impl.RoomServiceImplTest" time="0"/>
</testsuite>